-------------------------------------------------------------------------------
Test set: com.mentarirvmp.calculator.CalculatorTest
-------------------------------------------------------------------------------
Tests run: 1, Failures: 1, Errors: 0, Skipped: 0, Time elapsed: 0.029 s <<< FAILURE! - in com.mentarirvmp.calculator.CalculatorTest
testAddition  Time elapsed: 0.025 s  <<< FAILURE!
org.opentest4j.AssertionFailedError: expected: <5> but was: <0>
	at com.mentarirvmp/com.mentarirvmp.calculator.CalculatorTest.testAddition(CalculatorTest.java:12)

