<?xml version="1.0" encoding="UTF-8"?>
<testsuite xmlns:xsi="http://www.w3.org/2001/XMLSchema-instance" xsi:noNamespaceSchemaLocation="https://maven.apache.org/surefire/maven-surefire-plugin/xsd/surefire-test-report.xsd" name="com.mentarirvmp.calculator.CalculatorTest" time="0.029" tests="1" errors="0" skipped="0" failures="1">
  <properties>
[...]
</properties>
  <testcase name="testAddition" classname="com.mentarirvmp.calculator.CalculatorTest" time="0.025">
    <failure message="expected: &lt;5&gt; but was: &lt;0&gt;" type="org.opentest4j.AssertionFailedError"><![CDATA[org.opentest4j.AssertionFailedError: expected: <5> but was: <0>
	at com.mentarirvmp/com.mentarirvmp.calculator.CalculatorTest.testAddition(CalculatorTest.java:12)
]]></failure>
    <system-out><![CDATA[oopsie
]]></system-out>
  </testcase>
</testsuite>